<?xml version="1.0" encoding="UTF-8"?>
<!-- Generated by org.testng.reporters.JUnitReportReporter -->
<testsuite hostname="OJAS-DD61" failures="0" tests="1" name="utils.Login" time="2.682" errors="0" timestamp="2021-07-09T14:38:42 IST" skipped="0">
  <testcase classname="utils.Login" name="fdLogin" time="2.682"/>
  <system-out/>
</testsuite> <!-- utils.Login -->
