<?xml version="1.0" encoding="UTF-8"?>
<!-- Generated by org.testng.reporters.JUnitReportReporter -->
<testsuite hostname="OJAS-DD61" failures="0" tests="2" name="tests.visitorsList" time="3.929" errors="0" timestamp="2021-07-12T10:36:51 IST" skipped="0">
  <testcase classname="tests.visitorsList" name="visitorSearch" time="1.641"/>
  <system-out/>
  <testcase classname="tests.visitorsList" name="loginToApplication" time="2.288"/>
  <system-out/>
</testsuite> <!-- tests.visitorsList -->
